<?xml version="1.0" encoding="UTF-8"?>
<testng-results skipped="0" failed="0" ignored="0" total="0" passed="0">
  <reporter-output>
  </reporter-output>
  <suite name="Surefire suite" duration-ms="13" started-at="2021-02-07T23:13:04 IST" finished-at="2021-02-07T23:13:04 IST">
    <groups>
    </groups>
    <test name="Surefire test" duration-ms="13" started-at="2021-02-07T23:13:04 IST" finished-at="2021-02-07T23:13:04 IST">
      <class name="com.visionit.orangehrm.testbase.TestBase">
        <test-method status="PASS" signature="setupsuite()[pri:0, instance:com.visionit.orangehrm.testbase.TestBase@53b32d7]" name="setupsuite" is-config="true" duration-ms="1366" started-at="2021-02-07T23:13:03 IST" finished-at="2021-02-07T23:13:04 IST">
          <reporter-output>
          </reporter-output>
        </test-method> <!-- setupsuite -->
      </class> <!-- com.visionit.orangehrm.testbase.TestBase -->
    </test> <!-- Surefire test -->
  </suite> <!-- Surefire suite -->
</testng-results>
